============================= test session starts ==============================
platform darwin -- Python 3.13.2, pytest-9.0.2, pluggy-1.6.0 -- /Users/balzer/dpwai-app2/dpwaiagro/.venv/bin/python3
cachedir: .pytest_cache
rootdir: /Users/balzer/dpwai-app2/dpwaiagro
collecting ... collected 9 items

scripts/qa/tests/prod_smoke.py::test_prod_homepage_loads ERROR           [ 11%]
scripts/qa/tests/prod_smoke.py::test_prod_critical_routes_accessible ERROR [ 22%]
scripts/qa/tests/prod_smoke.py::test_prod_ssl_certificate_valid FAILED   [ 33%]
scripts/qa/tests/prod_smoke.py::test_prod_security_headers ERROR         [ 44%]
scripts/qa/tests/prod_smoke.py::test_prod_no_unhandled_console_errors ERROR [ 55%]
scripts/qa/tests/prod_smoke.py::test_prod_performance_sanity ERROR       [ 66%]
scripts/qa/tests/prod_smoke.py::test_prod_form_endpoints_available FAILED [ 77%]
scripts/qa/tests/network_console.py::test_no_console_errors PASSED       [ 88%]
scripts/qa/tests/network_console.py::test_network_status_codes PASSED    [100%]

==================================== ERRORS ====================================
__________________ ERROR at setup of test_prod_homepage_loads __________________
scripts/qa/tests/prod_smoke.py:12: in artifact_collector
    return ArtifactCollector("prod_smoke")
           ^^^^^^^^^^^^^^^^^^^^^^^^^^^^^^^
E   TypeError: ArtifactCollector.__init__() takes 1 positional argument but 2 were given
____________ ERROR at setup of test_prod_critical_routes_accessible ____________
scripts/qa/tests/prod_smoke.py:12: in artifact_collector
    return ArtifactCollector("prod_smoke")
           ^^^^^^^^^^^^^^^^^^^^^^^^^^^^^^^
E   TypeError: ArtifactCollector.__init__() takes 1 positional argument but 2 were given
_________________ ERROR at setup of test_prod_security_headers _________________
scripts/qa/tests/prod_smoke.py:12: in artifact_collector
    return ArtifactCollector()
           ^^^^^^^^^^^^^^^^^^^^
E   TypeError: ArtifactCollector.__init__() takes 1 positional argument but 2 were given
___________ ERROR at setup of test_prod_no_unhandled_console_errors ____________
scripts/qa/tests/prod_smoke.py:12: in artifact_collector
    return ArtifactCollector()
           ^^^^^^^^^^^^^^^^^^^^
E   TypeError: ArtifactCollector.__init__() takes 1 positional argument but 2 were given
________________ ERROR at setup of test_prod_performance_sanity ________________
scripts/qa/tests/prod_smoke.py:12: in artifact_collector
    return ArtifactCollector()
           ^^^^^^^^^^^^^^^^^^^^
E   TypeError: ArtifactCollector.__init__() takes 1 positional argument but 2 were given
=================================== FAILURES ===================================
_______________________ test_prod_ssl_certificate_valid ________________________
scripts/qa/tests/prod_smoke.py:109: in test_prod_ssl_certificate_valid
    browser.close()
.venv/lib/python3.13/site-packages/playwright/sync_api/_generated.py:14335: in close
    return mapping.from_maybe_impl(self._sync(self._impl_obj.close(reason=reason)))
                                   ^^^^^^^^^^^^^^^^^^^^^^^^^^^^^^^^^^^^^^^^^^^^^^^
.venv/lib/python3.13/site-packages/playwright/_impl/_browser.py:241: in close
    raise e
.venv/lib/python3.13/site-packages/playwright/_impl/_browser.py:238: in close
    await self._channel.send("close", None, {"reason": reason})
.venv/lib/python3.13/site-packages/playwright/_impl/_connection.py:69: in send
    return await self._connection.wrap_api_call(
.venv/lib/python3.13/site-packages/playwright/_impl/_connection.py:559: in wrap_api_call
    raise rewrite_error(error, f"{parsed_st['apiName']}: {error}") from None
E   Exception: Browser.close: Connection closed while reading from the driver
______________________ test_prod_form_endpoints_available ______________________
scripts/qa/tests/prod_smoke.py:265: in test_prod_form_endpoints_available
    assert response.status_code != 404, f"{endpoint} returns 404"
E   AssertionError: /api/auth/session returns 404
E   assert 404 != 404
E    +  where 404 = <Response [404]>.status_code
----------------------------- Captured stdout call -----------------------------
✅ /api/health -> 200
=========================== short test summary info ============================
FAILED scripts/qa/tests/prod_smoke.py::test_prod_ssl_certificate_valid - Exce...
FAILED scripts/qa/tests/prod_smoke.py::test_prod_form_endpoints_available - A...
ERROR scripts/qa/tests/prod_smoke.py::test_prod_homepage_loads - TypeError: A...
ERROR scripts/qa/tests/prod_smoke.py::test_prod_critical_routes_accessible - ...
ERROR scripts/qa/tests/prod_smoke.py::test_prod_security_headers - TypeError:...
ERROR scripts/qa/tests/prod_smoke.py::test_prod_no_unhandled_console_errors
ERROR scripts/qa/tests/prod_smoke.py::test_prod_performance_sanity - TypeErro...
============== 2 failed, 2 passed, 5 errors in 1016.06s (0:16:56) ==============
